# JRE version: 7.0_21-b11
# Java VM: Java HotSpot(TM) 64-Bit Server VM (23.21-b01 mixed mode linux-amd64 compressed oops)
Heap
 PSYoungGen      total 302080K, used 84239K [0x00000000eb2b0000, 0x0000000100000000, 0x0000000100000000)
  eden space 259840K, 26% used [0x00000000eb2b0000,0x00000000ef7069d8,0x00000000fb070000)
  from space 42240K, 33% used [0x00000000fd6c0000,0x00000000fe4ad4b0,0x0000000100000000)
  to   space 39232K, 0% used [0x00000000fb070000,0x00000000fb070000,0x00000000fd6c0000)
 ParOldGen       total 101504K, used 36469K [0x00000000c1800000, 0x00000000c7b20000, 0x00000000eb2b0000)
  object space 101504K, 35% used [0x00000000c1800000,0x00000000c3b9d6a8,0x00000000c7b20000)
 PSPermGen       total 66368K, used 34007K [0x00000000bc600000, 0x00000000c06d0000, 0x00000000c1800000)
  object space 66368K, 51% used [0x00000000bc600000,0x00000000be735d58,0x00000000c06d0000)
GC Heap History (10 events):
Event: 7.153 GC heap before
{Heap before GC invocations=5 (full 0):
 PSYoungGen      total 132800K, used 132781K [0x00000000eb2b0000, 0x00000000f3990000, 0x0000000100000000)
  eden space 127488K, 100% used [0x00000000eb2b0000,0x00000000f2f30000,0x00000000f2f30000)
  from space 5312K, 99% used [0x00000000f3460000,0x00000000f398b570,0x00000000f3990000)
  to   space 5312K, 0% used [0x00000000f2f30000,0x00000000f2f30000,0x00000000f3460000)
 ParOldGen       total 85120K, used 622K [0x00000000c1800000, 0x00000000c6b20000, 0x00000000eb2b0000)
  object space 85120K, 0% used [0x00000000c1800000,0x00000000c189b948,0x00000000c6b20000)
 PSPermGen       total 26432K, used 26422K [0x00000000bc600000, 0x00000000bdfd0000, 0x00000000c1800000)
  object space 26432K, 99% used [0x00000000bc600000,0x00000000bdfcd8a0,0x00000000bdfd0000)
Event: 7.169 GC heap after
Heap after GC invocations=5 (full 0):
 PSYoungGen      total 132800K, used 5296K [0x00000000eb2b0000, 0x00000000fb7f0000, 0x0000000100000000)
  eden space 127488K, 0% used [0x00000000eb2b0000,0x00000000eb2b0000,0x00000000f2f30000)
  from space 5312K, 99% used [0x00000000f2f30000,0x00000000f345c098,0x00000000f3460000)
  to   space 6272K, 0% used [0x00000000fb1d0000,0x00000000fb1d0000,0x00000000fb7f0000)
 ParOldGen       total 85120K, used 962K [0x00000000c1800000, 0x00000000c6b20000, 0x00000000eb2b0000)
  object space 85120K, 1% used [0x00000000c1800000,0x00000000c18f0940,0x00000000c6b20000)
 PSPermGen       total 26432K, used 26422K [0x00000000bc600000, 0x00000000bdfd0000, 0x00000000c1800000)
  object space 26432K, 99% used [0x00000000bc600000,0x00000000bdfcd8a0,0x00000000bdfd0000)
}
Event: 168.152 GC heap before
{Heap before GC invocations=6 (full 0):
 PSYoungGen      total 132800K, used 132784K [0x00000000eb2b0000, 0x00000000fb7f0000, 0x0000000100000000)
  eden space 127488K, 100% used [0x00000000eb2b0000,0x00000000f2f30000,0x00000000f2f30000)
  from space 5312K, 99% used [0x00000000f2f30000,0x00000000f345c098,0x00000000f3460000)
  to   space 6272K, 0% used [0x00000000fb1d0000,0x00000000fb1d0000,0x00000000fb7f0000)
 ParOldGen       total 85120K, used 962K [0x00000000c1800000, 0x00000000c6b20000, 0x00000000eb2b0000)
  object space 85120K, 1% used [0x00000000c1800000,0x00000000c18f0940,0x00000000c6b20000)
 PSPermGen       total 30272K, used 30270K [0x00000000bc600000, 0x00000000be390000, 0x00000000c1800000)
  object space 30272K, 99% used [0x00000000bc600000,0x00000000be38f9c0,0x00000000be390000)
Event: 168.174 GC heap after
Heap after GC invocations=6 (full 0):
 PSYoungGen      total 254528K, used 6242K [0x00000000eb2b0000, 0x00000000fc510000, 0x0000000100000000)
  eden space 248256K, 0% used [0x00000000eb2b0000,0x00000000eb2b0000,0x00000000fa520000)
  from space 6272K, 99% used [0x00000000fb1d0000,0x00000000fb7e8ab0,0x00000000fb7f0000)
  to   space 12992K, 0% used [0x00000000fa520000,0x00000000fa520000,0x00000000fb1d0000)
 ParOldGen       total 85120K, used 11875K [0x00000000c1800000, 0x00000000c6b20000, 0x00000000eb2b0000)
  object space 85120K, 13% used [0x00000000c1800000,0x00000000c2398c60,0x00000000c6b20000)
 PSPermGen       total 30272K, used 30270K [0x00000000bc600000, 0x00000000be390000, 0x00000000c1800000)
  object space 30272K, 99% used [0x00000000bc600000,0x00000000be38f9c0,0x00000000be390000)
}
Event: 374.041 GC heap before
{Heap before GC invocations=7 (full 0):
 PSYoungGen      total 254528K, used 254498K [0x00000000eb2b0000, 0x00000000fc510000, 0x0000000100000000)
  eden space 248256K, 100% used [0x00000000eb2b0000,0x00000000fa520000,0x00000000fa520000)
  from space 6272K, 99% used [0x00000000fb1d0000,0x00000000fb7e8ab0,0x00000000fb7f0000)
  to   space 12992K, 0% used [0x00000000fa520000,0x00000000fa520000,0x00000000fb1d0000)
 ParOldGen       total 85120K, used 11875K [0x00000000c1800000, 0x00000000c6b20000, 0x00000000eb2b0000)
  object space 85120K, 13% used [0x00000000c1800000,0x00000000c2398c60,0x00000000c6b20000)
 PSPermGen       total 32960K, used 32905K [0x00000000bc600000, 0x00000000be630000, 0x00000000c1800000)
  object space 32960K, 99% used [0x00000000bc600000,0x00000000be622640,0x00000000be630000)
Event: 374.091 GC heap after
Heap after GC invocations=7 (full 0):
 PSYoungGen      total 261248K, used 12989K [0x00000000eb2b0000, 0x0000000100000000, 0x0000000100000000)
  eden space 248256K, 0% used [0x00000000eb2b0000,0x00000000eb2b0000,0x00000000fa520000)
  from space 12992K, 99% used [0x00000000fa520000,0x00000000fb1cf480,0x00000000fb1d0000)
  to   space 42240K, 0% used [0x00000000fd6c0000,0x00000000fd6c0000,0x0000000100000000)
 ParOldGen       total 85120K, used 65937K [0x00000000c1800000, 0x00000000c6b20000, 0x00000000eb2b0000)
  object space 85120K, 77% used [0x00000000c1800000,0x00000000c5864578,0x00000000c6b20000)
 PSPermGen       total 32960K, used 32905K [0x00000000bc600000, 0x00000000be630000, 0x00000000c1800000)
  object space 32960K, 99% used [0x00000000bc600000,0x00000000be622640,0x00000000be630000)
}
Event: 374.091 GC heap before
{Heap before GC invocations=8 (full 1):
 PSYoungGen      total 261248K, used 12989K [0x00000000eb2b0000, 0x0000000100000000, 0x0000000100000000)
  eden space 248256K, 0% used [0x00000000eb2b0000,0x00000000eb2b0000,0x00000000fa520000)
  from space 12992K, 99% used [0x00000000fa520000,0x00000000fb1cf480,0x00000000fb1d0000)
  to   space 42240K, 0% used [0x00000000fd6c0000,0x00000000fd6c0000,0x0000000100000000)
 ParOldGen       total 85120K, used 65937K [0x00000000c1800000, 0x00000000c6b20000, 0x00000000eb2b0000)
  object space 85120K, 77% used [0x00000000c1800000,0x00000000c5864578,0x00000000c6b20000)
 PSPermGen       total 32960K, used 32905K [0x00000000bc600000, 0x00000000be630000, 0x00000000c1800000)
  object space 32960K, 99% used [0x00000000bc600000,0x00000000be622640,0x00000000be630000)
Event: 374.281 GC heap after
Heap after GC invocations=8 (full 1):
 PSYoungGen      total 261248K, used 0K [0x00000000eb2b0000, 0x0000000100000000, 0x0000000100000000)
  eden space 248256K, 0% used [0x00000000eb2b0000,0x00000000eb2b0000,0x00000000fa520000)
  from space 12992K, 0% used [0x00000000fa520000,0x00000000fa520000,0x00000000fb1d0000)
  to   space 42240K, 0% used [0x00000000fd6c0000,0x00000000fd6c0000,0x0000000100000000)
 ParOldGen       total 101504K, used 36469K [0x00000000c1800000, 0x00000000c7b20000, 0x00000000eb2b0000)
  object space 101504K, 35% used [0x00000000c1800000,0x00000000c3b9d6a8,0x00000000c7b20000)
 PSPermGen       total 66368K, used 32889K [0x00000000bc600000, 0x00000000c06d0000, 0x00000000c1800000)
  object space 66368K, 49% used [0x00000000bc600000,0x00000000be61e4d8,0x00000000c06d0000)
}
Event: 1041.661 GC heap before
{Heap before GC invocations=9 (full 1):
 PSYoungGen      total 261248K, used 248256K [0x00000000eb2b0000, 0x0000000100000000, 0x0000000100000000)
  eden space 248256K, 100% used [0x00000000eb2b0000,0x00000000fa520000,0x00000000fa520000)
  from space 12992K, 0% used [0x00000000fa520000,0x00000000fa520000,0x00000000fb1d0000)
  to   space 42240K, 0% used [0x00000000fd6c0000,0x00000000fd6c0000,0x0000000100000000)
 ParOldGen       total 101504K, used 36469K [0x00000000c1800000, 0x00000000c7b20000, 0x00000000eb2b0000)
  object space 101504K, 35% used [0x00000000c1800000,0x00000000c3b9d6a8,0x00000000c7b20000)
 PSPermGen       total 66368K, used 33918K [0x00000000bc600000, 0x00000000c06d0000, 0x00000000c1800000)
  object space 66368K, 51% used [0x00000000bc600000,0x00000000be71fac0,0x00000000c06d0000)
Event: 1041.675 GC heap after
Heap after GC invocations=9 (full 1):
 PSYoungGen      total 302080K, used 14261K [0x00000000eb2b0000, 0x0000000100000000, 0x0000000100000000)
  eden space 259840K, 0% used [0x00000000eb2b0000,0x00000000eb2b0000,0x00000000fb070000)
  from space 42240K, 33% used [0x00000000fd6c0000,0x00000000fe4ad4b0,0x0000000100000000)
  to   space 39232K, 0% used [0x00000000fb070000,0x00000000fb070000,0x00000000fd6c0000)
 ParOldGen       total 101504K, used 36469K [0x00000000c1800000, 0x00000000c7b20000, 0x00000000eb2b0000)
  object space 101504K, 35% used [0x00000000c1800000,0x00000000c3b9d6a8,0x00000000c7b20000)
 PSPermGen       total 66368K, used 33918K [0x00000000bc600000, 0x00000000c06d0000, 0x00000000c1800000)
  object space 66368K, 51% used [0x00000000bc600000,0x00000000be71fac0,0x00000000c06d0000)
}

